TN:
SF:server.js
FN:13,(anonymous_0)
FNF:1
FNH:1
FNDA:1,(anonymous_0)
DA:1,1
DA:2,1
DA:3,1
DA:4,1
DA:6,1
DA:8,1
DA:9,1
DA:10,1
DA:12,1
DA:13,1
DA:14,1
DA:15,0
DA:16,0
DA:18,1
DA:21,1
LF:15
LH:13
BRDA:12,0,0,1
BRDA:12,0,1,0
BRDA:14,1,0,0
BRDA:14,1,1,1
BRF:4
BRH:2
end_of_record
TN:
SF:controllers\todoController.js
FN:4,(anonymous_0)
FN:21,(anonymous_1)
FN:37,(anonymous_2)
FNF:3
FNH:3
FNDA:3,(anonymous_0)
FNDA:3,(anonymous_1)
FNDA:4,(anonymous_2)
DA:1,2
DA:4,2
DA:5,3
DA:7,3
DA:8,1
DA:11,2
DA:12,2
DA:13,1
DA:15,1
DA:16,1
DA:21,2
DA:22,3
DA:23,3
DA:29,2
DA:31,1
DA:32,1
DA:37,2
DA:38,4
DA:40,4
DA:41,4
DA:42,3
DA:43,2
DA:46,1
DA:47,1
DA:48,1
DA:50,1
DA:51,1
DA:55,2
LF:28
LH:28
BRDA:7,0,0,1
BRDA:7,0,1,2
BRDA:7,1,0,3
BRDA:7,1,1,2
BRDA:42,2,0,2
BRDA:42,2,1,1
BRDA:42,3,0,3
BRDA:42,3,1,2
BRF:8
BRH:8
end_of_record
TN:
SF:database\db.js
FN:22,(anonymous_0)
FNF:1
FNH:1
FNDA:3,(anonymous_0)
DA:1,3
DA:2,3
DA:4,3
DA:22,3
DA:23,3
DA:24,3
DA:25,1
DA:27,0
DA:28,0
DA:32,3
LF:10
LH:8
BRF:0
BRH:0
end_of_record
TN:
SF:models\todo.js
FN:35,(anonymous_0)
FNF:1
FNH:1
FNDA:2,(anonymous_0)
DA:1,2
DA:2,2
DA:5,2
DA:35,2
DA:36,2
DA:39,2
LF:6
LH:6
BRF:0
BRH:0
end_of_record
TN:
SF:routes\todoRoutes.js
FNF:0
FNH:0
DA:1,1
DA:6,1
DA:8,1
DA:10,1
DA:11,1
DA:12,1
DA:14,1
LF:7
LH:7
BRF:0
BRH:0
end_of_record
