{"C:\\Todo-App\\todo-app\\src\\App.jsx": {"path":"C:\\Todo-App\\todo-app\\src\\App.jsx","statementMap":{"0":{"start":{"line":8,"column":28},"end":{"line":8,"column":34}},"1":{"start":{"line":9,"column":18},"end":{"line":9,"column":28}},"2":{"start":{"line":11,"column":12},"end":{"line":135,"column":1}},"3":{"start":{"line":12,"column":66},"end":{"line":17,"column":4}},"4":{"start":{"line":19,"column":28},"end":{"line":19,"column":40}},"5":{"start":{"line":20,"column":46},"end":{"line":20,"column":61}},"6":{"start":{"line":22,"column":2},"end":{"line":24,"column":9}},"7":{"start":{"line":23,"column":4},"end":{"line":23,"column":17}},"8":{"start":{"line":26,"column":21},"end":{"line":34,"column":3}},"9":{"start":{"line":27,"column":4},"end":{"line":33,"column":5}},"10":{"start":{"line":28,"column":23},"end":{"line":28,"column":73}},"11":{"start":{"line":29,"column":6},"end":{"line":29,"column":30}},"12":{"start":{"line":31,"column":6},"end":{"line":31,"column":45}},"13":{"start":{"line":32,"column":6},"end":{"line":32,"column":25}},"14":{"start":{"line":36,"column":19},"end":{"line":47,"column":3}},"15":{"start":{"line":37,"column":4},"end":{"line":46,"column":5}},"16":{"start":{"line":38,"column":6},"end":{"line":38,"column":64}},"17":{"start":{"line":39,"column":6},"end":{"line":39,"column":14}},"18":{"start":{"line":40,"column":6},"end":{"line":40,"column":19}},"19":{"start":{"line":41,"column":6},"end":{"line":41,"column":49}},"20":{"start":{"line":42,"column":6},"end":{"line":42,"column":31}},"21":{"start":{"line":44,"column":6},"end":{"line":44,"column":42}},"22":{"start":{"line":45,"column":6},"end":{"line":45,"column":25}},"23":{"start":{"line":49,"column":29},"end":{"line":58,"column":3}},"24":{"start":{"line":50,"column":4},"end":{"line":57,"column":5}},"25":{"start":{"line":51,"column":6},"end":{"line":51,"column":72}},"26":{"start":{"line":52,"column":6},"end":{"line":52,"column":19}},"27":{"start":{"line":53,"column":6},"end":{"line":53,"column":50}},"28":{"start":{"line":55,"column":6},"end":{"line":55,"column":47}},"29":{"start":{"line":56,"column":6},"end":{"line":56,"column":25}},"30":{"start":{"line":60,"column":20},"end":{"line":62,"column":3}},"31":{"start":{"line":61,"column":4},"end":{"line":61,"column":28}},"32":{"start":{"line":64,"column":23},"end":{"line":67,"column":3}},"33":{"start":{"line":65,"column":4},"end":{"line":65,"column":29}},"34":{"start":{"line":66,"column":4},"end":{"line":66,"column":12}},"35":{"start":{"line":69,"column":2},"end":{"line":134,"column":4}},"36":{"start":{"line":107,"column":18},"end":{"line":107,"column":69}},"37":{"start":{"line":121,"column":18},"end":{"line":121,"column":93}}},"fnMap":{"0":{"name":"(anonymous_0)","decl":{"start":{"line":11,"column":12},"end":{"line":11,"column":13}},"loc":{"start":{"line":11,"column":18},"end":{"line":135,"column":1}},"line":11},"1":{"name":"(anonymous_1)","decl":{"start":{"line":22,"column":12},"end":{"line":22,"column":13}},"loc":{"start":{"line":22,"column":18},"end":{"line":24,"column":3}},"line":22},"2":{"name":"(anonymous_2)","decl":{"start":{"line":26,"column":21},"end":{"line":26,"column":22}},"loc":{"start":{"line":26,"column":33},"end":{"line":34,"column":3}},"line":26},"3":{"name":"(anonymous_3)","decl":{"start":{"line":36,"column":19},"end":{"line":36,"column":20}},"loc":{"start":{"line":36,"column":35},"end":{"line":47,"column":3}},"line":36},"4":{"name":"(anonymous_4)","decl":{"start":{"line":49,"column":29},"end":{"line":49,"column":30}},"loc":{"start":{"line":49,"column":43},"end":{"line":58,"column":3}},"line":49},"5":{"name":"(anonymous_5)","decl":{"start":{"line":60,"column":20},"end":{"line":60,"column":21}},"loc":{"start":{"line":60,"column":26},"end":{"line":62,"column":3}},"line":60},"6":{"name":"(anonymous_6)","decl":{"start":{"line":64,"column":23},"end":{"line":64,"column":24}},"loc":{"start":{"line":64,"column":29},"end":{"line":67,"column":3}},"line":64},"7":{"name":"(anonymous_7)","decl":{"start":{"line":106,"column":24},"end":{"line":106,"column":25}},"loc":{"start":{"line":107,"column":18},"end":{"line":107,"column":69}},"line":107},"8":{"name":"(anonymous_8)","decl":{"start":{"line":120,"column":24},"end":{"line":120,"column":25}},"loc":{"start":{"line":121,"column":18},"end":{"line":121,"column":93}},"line":121}},"branchMap":{"0":{"loc":{"start":{"line":99,"column":30},"end":{"line":99,"column":57}},"type":"cond-expr","locations":[{"start":{"line":99,"column":45},"end":{"line":99,"column":52}},{"start":{"line":99,"column":55},"end":{"line":99,"column":57}}],"line":99},"1":{"loc":{"start":{"line":113,"column":30},"end":{"line":113,"column":63}},"type":"cond-expr","locations":[{"start":{"line":113,"column":51},"end":{"line":113,"column":58}},{"start":{"line":113,"column":61},"end":{"line":113,"column":63}}],"line":113}},"s":{"0":1,"1":1,"2":1,"3":18,"4":17,"5":17,"6":17,"7":9,"8":17,"9":9,"10":9,"11":6,"12":3,"13":3,"14":17,"15":0,"16":0,"17":0,"18":0,"19":0,"20":0,"21":0,"22":0,"23":17,"24":1,"25":1,"26":0,"27":0,"28":1,"29":1,"30":17,"31":5,"32":17,"33":0,"34":0,"35":17,"36":5,"37":5},"f":{"0":18,"1":9,"2":9,"3":0,"4":1,"5":5,"6":0,"7":5,"8":5},"b":{"0":[0,17],"1":[0,17]},"_coverageSchema":"1a1c01bbd47fc00a2c39e90264f33305004495a9","hash":"18a93a0b3a378636de1a158b830c8d1eb3059548"}
,"C:\\Todo-App\\todo-app\\src\\components\\TodoList.jsx": {"path":"C:\\Todo-App\\todo-app\\src\\components\\TodoList.jsx","statementMap":{"0":{"start":{"line":6,"column":17},"end":{"line":48,"column":1}},"1":{"start":{"line":7,"column":2},"end":{"line":47,"column":4}},"2":{"start":{"line":15,"column":10},"end":{"line":43,"column":17}},"3":{"start":{"line":25,"column":33},"end":{"line":25,"column":52}}},"fnMap":{"0":{"name":"(anonymous_0)","decl":{"start":{"line":6,"column":17},"end":{"line":6,"column":18}},"loc":{"start":{"line":6,"column":44},"end":{"line":48,"column":1}},"line":6},"1":{"name":"(anonymous_1)","decl":{"start":{"line":14,"column":18},"end":{"line":14,"column":19}},"loc":{"start":{"line":15,"column":10},"end":{"line":43,"column":17}},"line":15},"2":{"name":"(anonymous_2)","decl":{"start":{"line":25,"column":27},"end":{"line":25,"column":28}},"loc":{"start":{"line":25,"column":33},"end":{"line":25,"column":52}},"line":25}},"branchMap":{"0":{"loc":{"start":{"line":9,"column":7},"end":{"line":45,"column":7}},"type":"cond-expr","locations":[{"start":{"line":10,"column":8},"end":{"line":12,"column":12}},{"start":{"line":14,"column":8},"end":{"line":44,"column":10}}],"line":9}},"s":{"0":2,"1":20,"2":5,"3":2},"f":{"0":20,"1":5,"2":2},"b":{"0":[16,4]},"_coverageSchema":"1a1c01bbd47fc00a2c39e90264f33305004495a9","hash":"5d1af9b4a2deaa8e0ea36f7ea5bed2dae68615d4"}
}
