TN:
SF:src\App.jsx
FN:11,(anonymous_0)
FN:22,(anonymous_1)
FN:26,(anonymous_2)
FN:36,(anonymous_3)
FN:49,(anonymous_4)
FN:60,(anonymous_5)
FN:64,(anonymous_6)
FN:106,(anonymous_7)
FN:120,(anonymous_8)
FNF:9
FNH:7
FNDA:18,(anonymous_0)
FNDA:9,(anonymous_1)
FNDA:9,(anonymous_2)
FNDA:0,(anonymous_3)
FNDA:1,(anonymous_4)
FNDA:5,(anonymous_5)
FNDA:0,(anonymous_6)
FNDA:5,(anonymous_7)
FNDA:5,(anonymous_8)
DA:8,1
DA:9,1
DA:11,1
DA:12,18
DA:19,17
DA:20,17
DA:22,17
DA:23,9
DA:26,17
DA:27,9
DA:28,9
DA:29,6
DA:31,3
DA:32,3
DA:36,17
DA:37,0
DA:38,0
DA:39,0
DA:40,0
DA:41,0
DA:42,0
DA:44,0
DA:45,0
DA:49,17
DA:50,1
DA:51,1
DA:52,0
DA:53,0
DA:55,1
DA:56,1
DA:60,17
DA:61,5
DA:64,17
DA:65,0
DA:66,0
DA:69,17
DA:107,5
DA:121,5
LF:38
LH:26
BRDA:99,0,0,0
BRDA:99,0,1,17
BRDA:113,1,0,0
BRDA:113,1,1,17
BRF:4
BRH:2
end_of_record
TN:
SF:src\components\TodoList.jsx
FN:6,(anonymous_0)
FN:14,(anonymous_1)
FN:25,(anonymous_2)
FNF:3
FNH:3
FNDA:20,(anonymous_0)
FNDA:5,(anonymous_1)
FNDA:2,(anonymous_2)
DA:6,2
DA:7,20
DA:15,5
DA:25,2
LF:4
LH:4
BRDA:9,0,0,16
BRDA:9,0,1,4
BRF:2
BRH:2
end_of_record
